\BOOKMARK [0][-]{chapter.1}{\376\377\000I\000n\000t\000r\000o\000d\000u\000z\000i\000o\000n\000e}{}% 1
\BOOKMARK [0][-]{chapter.2}{\376\377\000P\000r\000e\000l\000i\000m\000i\000n\000a\000r\000i}{}% 2
\BOOKMARK [1][-]{section.2.1}{\376\377\000M\000o\000t\000i\000v\000a\000z\000i\000o\000n\000i\000\040\000B\000i\000o\000l\000o\000g\000i\000c\000h\000e}{chapter.2}% 3
\BOOKMARK [1][-]{section.2.2}{\376\377\000T\000r\000a\000s\000f\000o\000r\000m\000a\000t\000a\000\040\000d\000i\000\040\000B\000u\000r\000r\000o\000w\000s\000-\000W\000h\000e\000e\000l\000e\000r}{chapter.2}% 4
\BOOKMARK [2][-]{subsection.2.2.1}{\376\377\000T\000r\000a\000s\000f\000o\000r\000m\000a\000t\000a\000\040\000d\000i\000\040\000B\000u\000r\000r\000o\000w\000s\000-\000W\000h\000e\000e\000l\000e\000r\000\040\000r\000u\000n\000-\000l\000e\000n\000g\000t\000h}{section.2.2}% 5
\BOOKMARK [1][-]{section.2.3}{\376\377\000T\000r\000a\000s\000f\000o\000r\000m\000a\000t\000a\000\040\000d\000i\000\040\000B\000u\000r\000r\000o\000w\000s\000-\000W\000h\000e\000e\000l\000e\000r\000\040\000p\000o\000s\000i\000z\000i\000o\000n\000a\000l\000e}{chapter.2}% 6
\BOOKMARK [2][-]{subsection.2.3.1}{\376\377\000I\000m\000p\000l\000e\000m\000e\000n\000t\000a\000z\000i\000o\000n\000e\000\040\000o\000r\000i\000g\000i\000n\000a\000l\000e}{section.2.3}% 7
\BOOKMARK [2][-]{subsection.2.3.2}{\376\377\000V\000a\000r\000i\000a\000n\000t\000i}{section.2.3}% 8
\BOOKMARK [0][-]{chapter.3}{\376\377\000M\000e\000t\000o\000d\000o}{}% 9
\BOOKMARK [1][-]{section.3.1}{\376\377\000I\000n\000t\000r\000o\000d\000u\000z\000i\000o\000n\000e\000\040\000a\000g\000l\000i\000\040\000s\000t\000r\000u\000m\000e\000n\000t\000i\000\040\000u\000s\000a\000t\000i}{chapter.3}% 10
\BOOKMARK [1][-]{section.3.2}{\376\377\000C\000o\000s\000t\000r\000u\000z\000i\000o\000n\000e\000\040\000d\000e\000l\000l\000a\000\040\000R\000L\000P\000B\000W\000T}{chapter.3}% 11
\BOOKMARK [2][-]{subsection.3.2.1}{\376\377\000I\000m\000p\000l\000e\000m\000e\000n\000t\000a\000z\000i\000o\000n\000e\000\040\000c\000o\000n\000\040\000d\000i\000v\000e\000r\000g\000e\000n\000c\000e\000\040\000a\000r\000r\000a\000y}{section.3.2}% 12
\BOOKMARK [2][-]{subsection.3.2.2}{\376\377\000I\000m\000p\000l\000e\000m\000e\000n\000t\000a\000z\000i\000o\000n\000e\000\040\000s\000e\000n\000z\000a\000\040\000d\000i\000v\000e\000r\000g\000e\000n\000c\000e\000\040\000a\000r\000r\000a\000y}{section.3.2}% 13
\BOOKMARK [0][-]{chapter.4}{\376\377\000R\000i\000s\000u\000l\000t\000a\000t\000i}{}% 14
\BOOKMARK [1][-]{section.4.1}{\376\377\000A\000m\000b\000i\000e\000n\000t\000e\000\040\000d\000i\000\040\000b\000e\000n\000c\000h\000m\000a\000r\000k}{chapter.4}% 15
\BOOKMARK [1][-]{section.4.2}{\376\377\000A\000n\000a\000l\000i\000s\000i\000\040\000t\000e\000m\000p\000o\000r\000a\000l\000e}{chapter.4}% 16
\BOOKMARK [2][-]{subsection.4.2.1}{\376\377\000C\000o\000n\000f\000r\000o\000n\000t\000o\000\040\000c\000o\000n\000\040\000i\000m\000p\000l\000e\000m\000e\000n\000t\000a\000z\000i\000o\000n\000e\000\040\000o\000r\000i\000g\000i\000n\000a\000l\000e\000\040\000e\000\040\000v\000a\000r\000i\000a\000n\000t\000i}{section.4.2}% 17
\BOOKMARK [1][-]{section.4.3}{\376\377\000A\000n\000a\000l\000i\000s\000i\000\040\000s\000p\000a\000z\000i\000a\000l\000e}{chapter.4}% 18
\BOOKMARK [2][-]{subsection.4.3.1}{\376\377\000C\000o\000n\000f\000r\000o\000n\000t\000o\000\040\000c\000o\000n\000\040\000i\000m\000p\000l\000e\000m\000e\000n\000t\000a\000z\000i\000o\000n\000e\000\040\000o\000r\000i\000g\000i\000n\000a\000l\000e\000\040\000e\000\040\000v\000a\000r\000i\000a\000n\000t\000i}{section.4.3}% 19
\BOOKMARK [0][-]{chapter.5}{\376\377\000C\000o\000n\000c\000l\000u\000s\000i\000o\000n\000i}{}% 20
\BOOKMARK [1][-]{section.5.1}{\376\377\000S\000v\000i\000l\000u\000p\000p\000i\000\040\000f\000u\000t\000u\000r\000i}{chapter.5}% 21
\BOOKMARK [0][-]{section.5.1}{\376\377\000B\000i\000b\000l\000i\000o\000g\000r\000a\000f\000i\000a\000\040\000e\000\040\000s\000i\000t\000o\000g\000r\000a\000f\000i\000a}{}% 22
